<?xml version="1.0" encoding="UTF-8"?>
<testng-results skipped="0" failed="0" ignored="0" total="1" passed="1">
  <reporter-output>
  </reporter-output>
  <suite name="Default suite" duration-ms="99" started-at="2020-03-11T16:51:38 IST" finished-at="2020-03-11T16:51:38 IST">
    <groups>
    </groups>
    <test name="Default test" duration-ms="99" started-at="2020-03-11T16:51:38 IST" finished-at="2020-03-11T16:51:38 IST">
      <class name="TestProgram.TestCase1">
        <test-method status="PASS" signature="testCase()[pri:0, instance:TestProgram.TestCase1@6e0e048a]" name="testCase" duration-ms="18" started-at="2020-03-11T16:51:38 IST" finished-at="2020-03-11T16:51:38 IST">
          <reporter-output>
          </reporter-output>
        </test-method> <!-- testCase -->
      </class> <!-- TestProgram.TestCase1 -->
    </test> <!-- Default test -->
  </suite> <!-- Default suite -->
</testng-results>
