<?xml version="1.0" encoding="UTF-8"?>
<testng-results skipped="0" failed="0" ignored="0" total="8" passed="8">
  <reporter-output>
  </reporter-output>
  <suite name="Suite" duration-ms="155" started-at="2020-03-13T14:46:32 IST" finished-at="2020-03-13T14:46:33 IST">
    <groups>
    </groups>
    <test name="Test" duration-ms="155" started-at="2020-03-13T14:46:32 IST" finished-at="2020-03-13T14:46:33 IST">
      <class name="test.TestCase1">
        <test-method status="PASS" signature="test1()[pri:0, instance:test.TestCase1@23e028a9]" name="test1" duration-ms="21" started-at="2020-03-13T14:46:32 IST" finished-at="2020-03-13T14:46:32 IST">
          <reporter-output>
          </reporter-output>
        </test-method> <!-- test1 -->
        <test-method status="PASS" signature="test2()[pri:0, instance:test.TestCase1@23e028a9]" name="test2" duration-ms="43" started-at="2020-03-13T14:46:32 IST" finished-at="2020-03-13T14:46:32 IST">
          <reporter-output>
          </reporter-output>
        </test-method> <!-- test2 -->
      </class> <!-- test.TestCase1 -->
      <class name="test.TestCase3">
        <test-method status="PASS" signature="test5()[pri:0, instance:test.TestCase3@5bc79255]" name="test5" duration-ms="24" started-at="2020-03-13T14:46:32 IST" finished-at="2020-03-13T14:46:32 IST">
          <reporter-output>
          </reporter-output>
        </test-method> <!-- test5 -->
        <test-method status="PASS" signature="test6()[pri:0, instance:test.TestCase3@5bc79255]" name="test6" duration-ms="21" started-at="2020-03-13T14:46:32 IST" finished-at="2020-03-13T14:46:32 IST">
          <reporter-output>
          </reporter-output>
        </test-method> <!-- test6 -->
      </class> <!-- test.TestCase3 -->
      <class name="test.TestCase2">
        <test-method status="PASS" signature="test4()[pri:0, instance:test.TestCase2@47ef968d]" name="test4" duration-ms="41" started-at="2020-03-13T14:46:32 IST" finished-at="2020-03-13T14:46:32 IST">
          <reporter-output>
          </reporter-output>
        </test-method> <!-- test4 -->
        <test-method status="PASS" signature="test3()[pri:0, instance:test.TestCase2@47ef968d]" name="test3" duration-ms="31" started-at="2020-03-13T14:46:32 IST" finished-at="2020-03-13T14:46:32 IST">
          <reporter-output>
          </reporter-output>
        </test-method> <!-- test3 -->
      </class> <!-- test.TestCase2 -->
      <class name="test.TestCase4">
        <test-method status="PASS" signature="test7()[pri:0, instance:test.TestCase4@3dd4520b]" name="test7" duration-ms="36" started-at="2020-03-13T14:46:32 IST" finished-at="2020-03-13T14:46:32 IST">
          <reporter-output>
          </reporter-output>
        </test-method> <!-- test7 -->
        <test-method status="PASS" signature="test8()[pri:0, instance:test.TestCase4@3dd4520b]" name="test8" duration-ms="19" started-at="2020-03-13T14:46:32 IST" finished-at="2020-03-13T14:46:32 IST">
          <reporter-output>
          </reporter-output>
        </test-method> <!-- test8 -->
      </class> <!-- test.TestCase4 -->
    </test> <!-- Test -->
  </suite> <!-- Suite -->
</testng-results>
