<?xml version="1.0" encoding="UTF-8"?>
<!-- Generated by org.testng.reporters.JUnitXMLReporter -->
<testsuite hostname="Babu" ignored="0" name="Test" tests="8" failures="0" timestamp="2020-03-13T14:46:33 IST" time="0.155" errors="0">
  <testcase name="test8" time="0.019" classname="test.TestCase4"/>
  <testcase name="test1" time="0.021" classname="test.TestCase1"/>
  <testcase name="test5" time="0.024" classname="test.TestCase3"/>
  <testcase name="test3" time="0.031" classname="test.TestCase2"/>
  <testcase name="test6" time="0.021" classname="test.TestCase3"/>
  <testcase name="test7" time="0.036" classname="test.TestCase4"/>
  <testcase name="test4" time="0.041" classname="test.TestCase2"/>
  <testcase name="test2" time="0.043" classname="test.TestCase1"/>
</testsuite> <!-- Test -->
